mn.212.html
dn.272.html
dn.274.html
dn.275.html
dn.359.html
dn.490.html
dn.491.html
dn.492.html
dn.493.html
dn.494.html
dn.495.html
dn.496.html
mn.182.html
mn.183.html
mn.184.html
mn.185.html
mn.186.html
mn.187.html
mn.188.html
mn.189.html
mn.190.html
mn.191.html
mn.192.html
mn.193.html
mn.194.html
mn.195.html
mn.196.html
mn.197.html
mn.198.html
mn.199.html
mn.200.html
mn.201.html
mn.202.html
mn.203.html
mn.204.html
mn.205.html
mn.206.html
mn.207.html
mn.208.html
mn.209.html
mn.210.html
mn.211.html
mn.212.html
mn.213.html
mn.214.html
mn.215.html
mn.216.html
mn.217.html
mn.218.html
mn.219.html
mn.220.html
mn.221.html
mn.222.html
mn.223.html
mn.224.html
mn.225.html
mn.226.html
mn.227.html
mn.228.html
mn.229.html
mn.230.html
mn.231.html
mn.232.html
mn.233.html
mn.234.html
mn.235.html
mn.236.html
mn.237.html
mn.238.html
mn.239.html
mn.240.html
mn.241.html
mn.242.html
mn.243.html
mn.244.html
mn.245.html
mn.246.html
mn.247.html
mn.248.html
mn.249.html
mn.250.html
mn.251.html
mn.252.html
mn.253.html
mn.254.html
mn.255.html
mn.256.html
mn.257.html
mn.258.html
mn.259.html
mn.260.html
mn.261.html
mn.262.html
mn.263.html
mn.264.html
mn.265.html
mn.266.html
mn.267.html
mn.268.html
mn.269.html
mn.270.html
mn.271.html
mn.360.html
mn.361.html
mn.362.html
mn.363.html
mn.364.html
mn.365.html
mn.366.html
mn.367.html
mn.368.html
mn.369.html
mn.374.html
mn.375.html
mn.376.html
mn.377.html
mn.378.html
mn.379.html
mn.380.html
mn.381.html
mn.382.html
mn.383.html
mn.384.html
mn.385.html
mn.386.html
mn.387.html
mn.388.html
mn.389.html
mn.390.html
mn.391.html
mn.392.html
mn.393.html
mn.445.html
mn.446.html
mn.447.html
mn.448.html
mn.449.html
mn.450.html
mn.451.html
mn.452.html
mn.453.html
mn.454.html
mn.455.html
mn.456.html
mn.457.html
mn.458.html
mn.459.html
mn.460.html
mn.461.html
mn.462.html
mn.463.html
mn.464.html
mn.465.html
mn.466.html
mn.467.html
mn.468.html
mn.469.html
mn.470.html
mn.471.html
mn.472.html
mn.473.html
mn.474.html
mn.475.html
mn.476.html
sn.276.html
sn.277.html
sn.278.html
sn.345.html
sn.348.html
sn.349.html
sn.350.html
sn.351.html
sn.352.html
sn.353.html
sn.354.html
sn.355.html
sn.356.html
sn.357.html
sn.358.html
sn.370.html
sn.371.html
sn.394.html
sn.395.html
sn.477.html
sn.478.html
sn.479.html
sn.480.html
sn.481.html
sn.483.html
sn.484.html
sn.485.html
sn.486.html
sn.487.html
sn.488.html
sn.489.html
an.334.html
an.335.html
an.336.html
an.337.html
an.338.html
an.339.html
an.340.html
an.341.html
an.342.html
an.372.html
kn.343.html